INFO:root:Window Width radio = 1.60
INFO:root:User is Choosing fixture folder
INFO:fixture_processing.fixture_input:Getting fixture information from '/Users/talhasehgal/Desktop/_dev/fixture-processor/references/reference_example1/fixture.o'
INFO:fixture_processing.fixture_input:pins found: 896
INFO:fixture_processing:inserts found; Bottom: 1140, Top: 20
INFO:fixture_processing:wires found; Bottom: 613, Top: 0
INFO:fixture_processing.fixture_maths:Seeing if Hybrid grounds are shorted (throughput multiplier)
INFO:fixture_processing.fixture_maths:Ground nodes are: ['1%GND', '2%GND', '3%GND', '4%GND', '5%GND', '6%GND']
INFO:fixture_processing.fixture_maths:ground probes found: 42
INFO:fixture_processing.fixture_maths:118 wires are to be assigned to a ground probe
INFO:fixture_processing.fixture_maths:93 wires are to be assigned to a ground probe
INFO:fixture_processing.fixture_maths:46 wires are to be assigned to a ground probe
INFO:fixture_processing.fixture_maths:10 wires are to be assigned to a ground probe
INFO:fixture_processing:wires settings: 
INFO:fixture_processing:    fixture_type        : Agilent SimPlate Express
INFO:fixture_processing:    fixture_size        : Bank 2
INFO:fixture_processing:    fixture_part_num    : 44200S
INFO:fixture_processing:    top_probes          : Enabled
INFO:fixture_processing:    autofile            : 2001
INFO:fixture_processing:    units               : English
INFO:fixture_processing:    wiring_method       : Automatic
INFO:fixture_processing:inserts settings: 
INFO:fixture_processing:    fixture_type        : Agilent SimPlate Express
INFO:fixture_processing:    fixture_size        : Bank 2
INFO:fixture_processing:    fixture_part_num    : 44200S
INFO:fixture_processing:    top_probes          : Enabled
INFO:fixture_processing:    autofile            : 2001
INFO:fixture_processing:    units               : English
INFO:fixture_processing:    wiring_method       : Automatic
INFO:fixture_processing:applied 'remove_terminal_wires' transform on 'wiring_machine' target
INFO:fixture_processing.fixture_processing:0 terminal related wires have been removed from the fixture.
INFO:fixture_processing:applied 'remove_testjet_wires' transform on 'wiring_machine' target
INFO:fixture_processing.fixture_processing:16 testjet related wires have been removed from the fixture.
INFO:fixture_processing:applied 'remove_terminal_wires' transform on 'verifier' target
INFO:fixture_processing.fixture_processing:0 terminal related wires have been removed from the fixture.
INFO:fixture_processing:applied 'remove_testjet_wires' transform on 'verifier' target
INFO:fixture_processing.fixture_processing:16 testjet related wires have been removed from the fixture.
INFO:fixture_processing:applied 'correct_offset_pins' transform on 'verifier' target
